Render flag enabled: attempting to use MuJoCo visualiser (render=true).
Launching MuJoCo visualizer... Close window to exit or it will auto-exit after steps.
[Step  19 ] pos=( 0.285 ,  -0.215 ) goal=( 0.8 ,  0.4 ) dist= 0.8023
[Step  28 ] pos=( 0.326 ,  -0.174 ) goal=( 0.8 ,  0.4 ) dist= 0.745
[Step  34 ] pos=( 0.353 ,  -0.147 ) goal=( 0.8 ,  0.4 ) dist= 0.7068
[Step  41 ] pos=( 0.384 ,  -0.116 ) goal=( 0.8 ,  0.4 ) dist= 0.6624
[Step  47 ] pos=( 0.411 ,  -0.089 ) goal=( 0.8 ,  0.4 ) dist= 0.6243
[Step  53 ] pos=( 0.439 ,  -0.061 ) goal=( 0.8 ,  0.4 ) dist= 0.5862
[Step  60 ] pos=( 0.47 ,  -0.03 ) goal=( 0.8 ,  0.4 ) dist= 0.5418
[Step  66 ] pos=( 0.497 ,  -0.003 ) goal=( 0.8 ,  0.4 ) dist= 0.5038
[Step  72 ] pos=( 0.524 ,  0.024 ) goal=( 0.8 ,  0.4 ) dist= 0.4659
[Step  79 ] pos=( 0.556 ,  0.056 ) goal=( 0.8 ,  0.4 ) dist= 0.4218
[Step  85 ] pos=( 0.579 ,  0.083 ) goal=( 0.8 ,  0.4 ) dist= 0.3866
[Step  91 ] pos=( 0.597 ,  0.11 ) goal=( 0.8 ,  0.4 ) dist= 0.354
[Step  98 ] pos=( 0.62 ,  0.142 ) goal=( 0.8 ,  0.4 ) dist= 0.3146
[Step  104 ] pos=( 0.646 ,  0.169 ) goal=( 0.8 ,  0.4 ) dist= 0.2775
[Step  110 ] pos=( 0.673 ,  0.182 ) goal=( 0.8 ,  0.4 ) dist= 0.2517
[Step  117 ] pos=( 0.687 ,  0.21 ) goal=( 0.8 ,  0.4 ) dist= 0.2214
[Step  123 ] pos=( 0.701 ,  0.233 ) goal=( 0.8 ,  0.4 ) dist= 0.1938
[Step  129 ] pos=( 0.714 ,  0.259 ) goal=( 0.8 ,  0.4 ) dist= 0.1649
[Step  135 ] pos=( 0.715 ,  0.269 ) goal=( 0.8 ,  0.4 ) dist= 0.156
[Step  141 ] pos=( 0.728 ,  0.282 ) goal=( 0.8 ,  0.4 ) dist= 0.1385
[Step  147 ] pos=( 0.729 ,  0.3 ) goal=( 0.8 ,  0.4 ) dist= 0.1229
[Step  154 ] pos=( 0.738 ,  0.313 ) goal=( 0.8 ,  0.4 ) dist= 0.1067
[Step  161 ] pos=( 0.748 ,  0.323 ) goal=( 0.8 ,  0.4 ) dist= 0.0936
[Step  167 ] pos=( 0.747 ,  0.332 ) goal=( 0.8 ,  0.4 ) dist= 0.0861
[Step  173 ] pos=( 0.756 ,  0.342 ) goal=( 0.8 ,  0.4 ) dist= 0.0734
[Step  179 ] pos=( 0.765 ,  0.342 ) goal=( 0.8 ,  0.4 ) dist= 0.0683
[Step  186 ] pos=( 0.769 ,  0.351 ) goal=( 0.8 ,  0.4 ) dist= 0.0582
[Step  192 ] pos=( 0.774 ,  0.355 ) goal=( 0.8 ,  0.4 ) dist= 0.052
[Step  198 ] pos=( 0.77 ,  0.363 ) goal=( 0.8 ,  0.4 ) dist= 0.0474
[Step  204 ] pos=( 0.773 ,  0.36 ) goal=( 0.8 ,  0.4 ) dist= 0.0487
[Step  210 ] pos=( 0.777 ,  0.364 ) goal=( 0.8 ,  0.4 ) dist= 0.0424
[Step  217 ] pos=( 0.778 ,  0.369 ) goal=( 0.8 ,  0.4 ) dist= 0.0382
[Step  223 ] pos=( 0.783 ,  0.378 ) goal=( 0.8 ,  0.4 ) dist= 0.0282
[Step  229 ] pos=( 0.784 ,  0.378 ) goal=( 0.8 ,  0.4 ) dist= 0.0277
[Step  235 ] pos=( 0.784 ,  0.387 ) goal=( 0.8 ,  0.4 ) dist= 0.0211
[Step  242 ] pos=( 0.786 ,  0.378 ) goal=( 0.8 ,  0.4 ) dist= 0.0262
[Step  248 ] pos=( 0.787 ,  0.378 ) goal=( 0.8 ,  0.4 ) dist= 0.0257
[Step  283 ] pos=( 0.782 ,  0.383 ) goal=( 0.8 ,  0.4 ) dist= 0.0248
[Step  290 ] pos=( 0.787 ,  0.395 ) goal=( 0.8 ,  0.4 ) dist= 0.0137
[Step  296 ] pos=( 0.792 ,  0.4 ) goal=( 0.8 ,  0.4 ) dist= 0.0082
[Step  302 ] pos=( 0.792 ,  0.4 ) goal=( 0.8 ,  0.4 ) dist= 0.0082
[Step  309 ] pos=( 0.796 ,  0.405 ) goal=( 0.8 ,  0.4 ) dist= 0.006
[Step  315 ] pos=( 0.792 ,  0.405 ) goal=( 0.8 ,  0.4 ) dist= 0.0095
[Step  321 ] pos=( 0.787 ,  0.414 ) goal=( 0.8 ,  0.4 ) dist= 0.0188
[Step  327 ] pos=( 0.791 ,  0.409 ) goal=( 0.8 ,  0.4 ) dist= 0.013
[Step  334 ] pos=( 0.796 ,  0.409 ) goal=( 0.8 ,  0.4 ) dist= 0.01
[Step  340 ] pos=( 0.796 ,  0.417 ) goal=( 0.8 ,  0.4 ) dist= 0.0178
[Step  346 ] pos=( 0.796 ,  0.423 ) goal=( 0.8 ,  0.4 ) dist= 0.0231
[Step  353 ] pos=( 0.801 ,  0.441 ) goal=( 0.8 ,  0.4 ) dist= 0.0409
[Step  359 ] pos=( 0.792 ,  0.441 ) goal=( 0.8 ,  0.4 ) dist= 0.0417
[Step  365 ] pos=( 0.796 ,  0.445 ) goal=( 0.8 ,  0.4 ) dist= 0.0456
[Step  371 ] pos=( 0.8 ,  0.433 ) goal=( 0.8 ,  0.4 ) dist= 0.0328
[Step  378 ] pos=( 0.809 ,  0.432 ) goal=( 0.8 ,  0.4 ) dist= 0.0331
[Step  384 ] pos=( 0.81 ,  0.428 ) goal=( 0.8 ,  0.4 ) dist= 0.0299
[Step  390 ] pos=( 0.801 ,  0.423 ) goal=( 0.8 ,  0.4 ) dist= 0.0228
[Step  396 ] pos=( 0.81 ,  0.427 ) goal=( 0.8 ,  0.4 ) dist= 0.0291
[Step  403 ] pos=( 0.81 ,  0.432 ) goal=( 0.8 ,  0.4 ) dist= 0.0334
[Step  409 ] pos=( 0.805 ,  0.428 ) goal=( 0.8 ,  0.4 ) dist= 0.0288
[Step  415 ] pos=( 0.805 ,  0.427 ) goal=( 0.8 ,  0.4 ) dist= 0.0279
[Step  421 ] pos=( 0.81 ,  0.423 ) goal=( 0.8 ,  0.4 ) dist= 0.0249
[Step  428 ] pos=( 0.81 ,  0.418 ) goal=( 0.8 ,  0.4 ) dist= 0.0208
[Step  434 ] pos=( 0.805 ,  0.414 ) goal=( 0.8 ,  0.4 ) dist= 0.0148
[Step  440 ] pos=( 0.805 ,  0.418 ) goal=( 0.8 ,  0.4 ) dist= 0.0191
[Step  447 ] pos=( 0.801 ,  0.41 ) goal=( 0.8 ,  0.4 ) dist= 0.0102
[Step  453 ] pos=( 0.797 ,  0.409 ) goal=( 0.8 ,  0.4 ) dist= 0.0097
[Step  459 ] pos=( 0.8 ,  0.405 ) goal=( 0.8 ,  0.4 ) dist= 0.0048
[Step  465 ] pos=( 0.801 ,  0.406 ) goal=( 0.8 ,  0.4 ) dist= 0.0057
[Step  472 ] pos=( 0.813 ,  0.405 ) goal=( 0.8 ,  0.4 ) dist= 0.0143
[Step  478 ] pos=( 0.81 ,  0.409 ) goal=( 0.8 ,  0.4 ) dist= 0.0136
[Step  484 ] pos=( 0.809 ,  0.413 ) goal=( 0.8 ,  0.4 ) dist= 0.0157
[Step  491 ] pos=( 0.805 ,  0.41 ) goal=( 0.8 ,  0.4 ) dist= 0.0115
[Step  497 ] pos=( 0.8 ,  0.413 ) goal=( 0.8 ,  0.4 ) dist= 0.0129
[Step  503 ] pos=( 0.801 ,  0.418 ) goal=( 0.8 ,  0.4 ) dist= 0.0183
[Step  509 ] pos=( 0.801 ,  0.415 ) goal=( 0.8 ,  0.4 ) dist= 0.0147
[Step  516 ] pos=( 0.796 ,  0.409 ) goal=( 0.8 ,  0.4 ) dist= 0.01
[Step  522 ] pos=( 0.792 ,  0.405 ) goal=( 0.8 ,  0.4 ) dist= 0.0095
[Step  528 ] pos=( 0.792 ,  0.405 ) goal=( 0.8 ,  0.4 ) dist= 0.0095
[Step  534 ] pos=( 0.809 ,  0.404 ) goal=( 0.8 ,  0.4 ) dist= 0.0098
[Step  541 ] pos=( 0.81 ,  0.4 ) goal=( 0.8 ,  0.4 ) dist= 0.0099
[Step  547 ] pos=( 0.814 ,  0.4 ) goal=( 0.8 ,  0.4 ) dist= 0.0144
[Step  553 ] pos=( 0.802 ,  0.399 ) goal=( 0.8 ,  0.4 ) dist= 0.0019
[Step  561 ] pos=( 0.802 ,  0.409 ) goal=( 0.8 ,  0.4 ) dist= 0.0094
[Step  567 ] pos=( 0.804 ,  0.409 ) goal=( 0.8 ,  0.4 ) dist= 0.0103
[Step  574 ] pos=( 0.805 ,  0.405 ) goal=( 0.8 ,  0.4 ) dist= 0.0072
[Step  581 ] pos=( 0.793 ,  0.409 ) goal=( 0.8 ,  0.4 ) dist= 0.0118
[Step  590 ] pos=( 0.796 ,  0.4 ) goal=( 0.8 ,  0.4 ) dist= 0.0037
[Step  596 ] pos=( 0.787 ,  0.4 ) goal=( 0.8 ,  0.4 ) dist= 0.0127
[Step  602 ] pos=( 0.796 ,  0.396 ) goal=( 0.8 ,  0.4 ) dist= 0.0056
[Step  609 ] pos=( 0.8 ,  0.396 ) goal=( 0.8 ,  0.4 ) dist= 0.0043
[Step  615 ] pos=( 0.805 ,  0.396 ) goal=( 0.8 ,  0.4 ) dist= 0.0069
[Step  621 ] pos=( 0.793 ,  0.4 ) goal=( 0.8 ,  0.4 ) dist= 0.0073
[Step  627 ] pos=( 0.804 ,  0.397 ) goal=( 0.8 ,  0.4 ) dist= 0.0056
[Step  634 ] pos=( 0.801 ,  0.405 ) goal=( 0.8 ,  0.4 ) dist= 0.0048
[Step  640 ] pos=( 0.801 ,  0.4 ) goal=( 0.8 ,  0.4 ) dist= 0.0009
[Step  646 ] pos=( 0.801 ,  0.396 ) goal=( 0.8 ,  0.4 ) dist= 0.0044
[Step  652 ] pos=( 0.805 ,  0.397 ) goal=( 0.8 ,  0.4 ) dist= 0.0063
[Step  659 ] pos=( 0.805 ,  0.391 ) goal=( 0.8 ,  0.4 ) dist= 0.0103
[Step  665 ] pos=( 0.805 ,  0.396 ) goal=( 0.8 ,  0.4 ) dist= 0.0069
[Step  671 ] pos=( 0.805 ,  0.396 ) goal=( 0.8 ,  0.4 ) dist= 0.0069
[Step  678 ] pos=( 0.81 ,  0.405 ) goal=( 0.8 ,  0.4 ) dist= 0.011
[Step  684 ] pos=( 0.81 ,  0.4 ) goal=( 0.8 ,  0.4 ) dist= 0.0099
[Step  690 ] pos=( 0.806 ,  0.404 ) goal=( 0.8 ,  0.4 ) dist= 0.0074
[Step  697 ] pos=( 0.81 ,  0.405 ) goal=( 0.8 ,  0.4 ) dist= 0.011
[Step  703 ] pos=( 0.797 ,  0.408 ) goal=( 0.8 ,  0.4 ) dist= 0.0088
[Step  709 ] pos=( 0.805 ,  0.409 ) goal=( 0.8 ,  0.4 ) dist= 0.0107
[Step  715 ] pos=( 0.809 ,  0.401 ) goal=( 0.8 ,  0.4 ) dist= 0.0091
[Step  722 ] pos=( 0.805 ,  0.4 ) goal=( 0.8 ,  0.4 ) dist= 0.0054
[Step  728 ] pos=( 0.801 ,  0.4 ) goal=( 0.8 ,  0.4 ) dist= 0.0009
[Step  734 ] pos=( 0.796 ,  0.4 ) goal=( 0.8 ,  0.4 ) dist= 0.0037
[Step  741 ] pos=( 0.8 ,  0.391 ) goal=( 0.8 ,  0.4 ) dist= 0.0088
[Step  747 ] pos=( 0.796 ,  0.396 ) goal=( 0.8 ,  0.4 ) dist= 0.0056
[Step  753 ] pos=( 0.792 ,  0.391 ) goal=( 0.8 ,  0.4 ) dist= 0.012
[Step  759 ] pos=( 0.792 ,  0.395 ) goal=( 0.8 ,  0.4 ) dist= 0.0097
[Step  766 ] pos=( 0.788 ,  0.396 ) goal=( 0.8 ,  0.4 ) dist= 0.0125
[Step  777 ] pos=( 0.791 ,  0.4 ) goal=( 0.8 ,  0.4 ) dist= 0.0091
[Step  783 ] pos=( 0.792 ,  0.405 ) goal=( 0.8 ,  0.4 ) dist= 0.0095
[Step  790 ] pos=( 0.796 ,  0.405 ) goal=( 0.8 ,  0.4 ) dist= 0.006
[Step  796 ] pos=( 0.796 ,  0.415 ) goal=( 0.8 ,  0.4 ) dist= 0.0152
[Step  802 ] pos=( 0.792 ,  0.409 ) goal=( 0.8 ,  0.4 ) dist= 0.0124
[Step  809 ] pos=( 0.792 ,  0.409 ) goal=( 0.8 ,  0.4 ) dist= 0.0124
[Step  815 ] pos=( 0.796 ,  0.413 ) goal=( 0.8 ,  0.4 ) dist= 0.0134
[Step  821 ] pos=( 0.796 ,  0.414 ) goal=( 0.8 ,  0.4 ) dist= 0.0143
[Step  827 ] pos=( 0.796 ,  0.409 ) goal=( 0.8 ,  0.4 ) dist= 0.01
[Step  834 ] pos=( 0.792 ,  0.405 ) goal=( 0.8 ,  0.4 ) dist= 0.0095
[Step  840 ] pos=( 0.787 ,  0.406 ) goal=( 0.8 ,  0.4 ) dist= 0.0139
[Step  846 ] pos=( 0.786 ,  0.405 ) goal=( 0.8 ,  0.4 ) dist= 0.0144
[Step  853 ] pos=( 0.792 ,  0.405 ) goal=( 0.8 ,  0.4 ) dist= 0.0095
[Step  859 ] pos=( 0.792 ,  0.409 ) goal=( 0.8 ,  0.4 ) dist= 0.0124
[Step  865 ] pos=( 0.787 ,  0.41 ) goal=( 0.8 ,  0.4 ) dist= 0.0163
[Step  871 ] pos=( 0.792 ,  0.409 ) goal=( 0.8 ,  0.4 ) dist= 0.0124
[Step  878 ] pos=( 0.804 ,  0.409 ) goal=( 0.8 ,  0.4 ) dist= 0.0103
[Step  884 ] pos=( 0.801 ,  0.405 ) goal=( 0.8 ,  0.4 ) dist= 0.0048
[Step  890 ] pos=( 0.8 ,  0.405 ) goal=( 0.8 ,  0.4 ) dist= 0.0048
[Step  896 ] pos=( 0.796 ,  0.405 ) goal=( 0.8 ,  0.4 ) dist= 0.006
Saved plot to: asimulajjtion.png
Done. Converged: true, steps: 194, final_dist: 0.047956
Saved plot to: asimulajjtion.png
Saved plot to: asimulajjtion.png
Done. Converged: true, steps: 190, final_dist: 0.047381
Saved plot to: asimulajjtion.png
Saved plot to: asimulajjtion.png
