Render flag enabled: attempting to use MuJoCo visualiser (render=true).
Launching MuJoCo visualizer... Close window to exit or it will auto-exit after steps.
[Step  22 ] pos=( 0.298 ,  0.571 ) goal=( 0.9 ,  0.7 ) dist= 0.6151
[Step  35 ] pos=( 0.357 ,  0.603 ) goal=( 0.9 ,  0.7 ) dist= 0.5514
[Step  43 ] pos=( 0.393 ,  0.626 ) goal=( 0.9 ,  0.7 ) dist= 0.512
[Step  51 ] pos=( 0.429 ,  0.631 ) goal=( 0.9 ,  0.7 ) dist= 0.4755
[Step  59 ] pos=( 0.466 ,  0.64 ) goal=( 0.9 ,  0.7 ) dist= 0.4385
[Step  66 ] pos=( 0.497 ,  0.639 ) goal=( 0.9 ,  0.7 ) dist= 0.4073
[Step  74 ] pos=( 0.533 ,  0.653 ) goal=( 0.9 ,  0.7 ) dist= 0.3696
[Step  82 ] pos=( 0.57 ,  0.658 ) goal=( 0.9 ,  0.7 ) dist= 0.3331
[Step  90 ] pos=( 0.606 ,  0.658 ) goal=( 0.9 ,  0.7 ) dist= 0.2973
[Step  98 ] pos=( 0.638 ,  0.672 ) goal=( 0.9 ,  0.7 ) dist= 0.2633
[Step  106 ] pos=( 0.673 ,  0.668 ) goal=( 0.9 ,  0.7 ) dist= 0.2288
[Step  114 ] pos=( 0.705 ,  0.681 ) goal=( 0.9 ,  0.7 ) dist= 0.1959
[Step  121 ] pos=( 0.732 ,  0.685 ) goal=( 0.9 ,  0.7 ) dist= 0.1685
[Step  129 ] pos=( 0.759 ,  0.699 ) goal=( 0.9 ,  0.7 ) dist= 0.1407
[Step  137 ] pos=( 0.773 ,  0.695 ) goal=( 0.9 ,  0.7 ) dist= 0.1273
[Step  144 ] pos=( 0.791 ,  0.694 ) goal=( 0.9 ,  0.7 ) dist= 0.1092
[Step  152 ] pos=( 0.804 ,  0.694 ) goal=( 0.9 ,  0.7 ) dist= 0.0957
[Step  160 ] pos=( 0.827 ,  0.685 ) goal=( 0.9 ,  0.7 ) dist= 0.0744
[Step  169 ] pos=( 0.836 ,  0.69 ) goal=( 0.9 ,  0.7 ) dist= 0.0647
[Step  177 ] pos=( 0.846 ,  0.686 ) goal=( 0.9 ,  0.7 ) dist= 0.0557
[Step  184 ] pos=( 0.855 ,  0.694 ) goal=( 0.9 ,  0.7 ) dist= 0.0453
[Step  192 ] pos=( 0.864 ,  0.694 ) goal=( 0.9 ,  0.7 ) dist= 0.0364
[Step  200 ] pos=( 0.86 ,  0.695 ) goal=( 0.9 ,  0.7 ) dist= 0.0407
[Step  208 ] pos=( 0.873 ,  0.694 ) goal=( 0.9 ,  0.7 ) dist= 0.0275
[Step  216 ] pos=( 0.873 ,  0.699 ) goal=( 0.9 ,  0.7 ) dist= 0.0269
[Step  224 ] pos=( 0.878 ,  0.708 ) goal=( 0.9 ,  0.7 ) dist= 0.0237
[Step  232 ] pos=( 0.882 ,  0.708 ) goal=( 0.9 ,  0.7 ) dist= 0.0195
[Step  240 ] pos=( 0.878 ,  0.699 ) goal=( 0.9 ,  0.7 ) dist= 0.0224
[Step  247 ] pos=( 0.883 ,  0.695 ) goal=( 0.9 ,  0.7 ) dist= 0.0176
[Step  255 ] pos=( 0.882 ,  0.707 ) goal=( 0.9 ,  0.7 ) dist= 0.0191
[Step  263 ] pos=( 0.882 ,  0.708 ) goal=( 0.9 ,  0.7 ) dist= 0.0195
[Step  271 ] pos=( 0.874 ,  0.708 ) goal=( 0.9 ,  0.7 ) dist= 0.0271
[Step  280 ] pos=( 0.869 ,  0.699 ) goal=( 0.9 ,  0.7 ) dist= 0.0314
[Step  287 ] pos=( 0.878 ,  0.703 ) goal=( 0.9 ,  0.7 ) dist= 0.0226
[Step  295 ] pos=( 0.887 ,  0.708 ) goal=( 0.9 ,  0.7 ) dist= 0.0154
[Step  303 ] pos=( 0.887 ,  0.708 ) goal=( 0.9 ,  0.7 ) dist= 0.0154
[Step  312 ] pos=( 0.896 ,  0.712 ) goal=( 0.9 ,  0.7 ) dist= 0.0131
[Step  320 ] pos=( 0.887 ,  0.721 ) goal=( 0.9 ,  0.7 ) dist= 0.0252
[Step  328 ] pos=( 0.891 ,  0.717 ) goal=( 0.9 ,  0.7 ) dist= 0.019
[Step  336 ] pos=( 0.897 ,  0.717 ) goal=( 0.9 ,  0.7 ) dist= 0.0172
[Step  344 ] pos=( 0.896 ,  0.721 ) goal=( 0.9 ,  0.7 ) dist= 0.0218
[Step  352 ] pos=( 0.9 ,  0.739 ) goal=( 0.9 ,  0.7 ) dist= 0.0385
[Step  360 ] pos=( 0.891 ,  0.739 ) goal=( 0.9 ,  0.7 ) dist= 0.0404
[Step  368 ] pos=( 0.9 ,  0.735 ) goal=( 0.9 ,  0.7 ) dist= 0.0349
[Step  376 ] pos=( 0.905 ,  0.73 ) goal=( 0.9 ,  0.7 ) dist= 0.0308
[Step  384 ] pos=( 0.909 ,  0.727 ) goal=( 0.9 ,  0.7 ) dist= 0.0284
[Step  392 ] pos=( 0.904 ,  0.725 ) goal=( 0.9 ,  0.7 ) dist= 0.0253
[Step  400 ] pos=( 0.909 ,  0.73 ) goal=( 0.9 ,  0.7 ) dist= 0.0318
[Step  408 ] pos=( 0.905 ,  0.729 ) goal=( 0.9 ,  0.7 ) dist= 0.0299
[Step  415 ] pos=( 0.905 ,  0.726 ) goal=( 0.9 ,  0.7 ) dist= 0.0263
[Step  423 ] pos=( 0.909 ,  0.718 ) goal=( 0.9 ,  0.7 ) dist= 0.02
[Step  431 ] pos=( 0.906 ,  0.712 ) goal=( 0.9 ,  0.7 ) dist= 0.0136
[Step  439 ] pos=( 0.905 ,  0.717 ) goal=( 0.9 ,  0.7 ) dist= 0.0175
[Step  447 ] pos=( 0.9 ,  0.709 ) goal=( 0.9 ,  0.7 ) dist= 0.0087
[Step  456 ] pos=( 0.896 ,  0.708 ) goal=( 0.9 ,  0.7 ) dist= 0.0089
[Step  463 ] pos=( 0.9 ,  0.708 ) goal=( 0.9 ,  0.7 ) dist= 0.0078
[Step  471 ] pos=( 0.909 ,  0.703 ) goal=( 0.9 ,  0.7 ) dist= 0.0098
[Step  479 ] pos=( 0.909 ,  0.708 ) goal=( 0.9 ,  0.7 ) dist= 0.0121
[Step  488 ] pos=( 0.909 ,  0.712 ) goal=( 0.9 ,  0.7 ) dist= 0.0154
[Step  496 ] pos=( 0.901 ,  0.709 ) goal=( 0.9 ,  0.7 ) dist= 0.0088
Saved plot to: simulation_render.png
