Done. Converged: true, steps: 186, final_dist: 0.047488
No candidate history available to save plot.
Done. Converged: false, steps: 500, final_dist: 2.219382
No candidate history available to save plot.
Done. Converged: false, steps: 1500, final_dist: 0.308035
No candidate history available to save plot.
Render flag enabled: attempting to use MuJoCo visualiser (render=true).
No DISPLAY detected, running headless simulation instead of visualiser.
Done. Converged: false, steps: 2, final_dist: 1.353068
No candidate history available to save plot.
Render flag enabled: attempting to use MuJoCo visualiser (render=true).
No DISPLAY detected, running headless simulation instead of visualiser.
Done. Converged: false, steps: 2, final_dist: 1.345074
No candidate history available to save plot.
Done. Converged: true, steps: 7, final_dist: 0.048917
No candidate history available to save plot.
No candidate history available to save plot.
Render flag enabled: attempting to use MuJoCo visualiser (render=true).
Panda mode: AIF-driven Panda arm (robot_pos -> init -> pick -> goal)
No candidate history available to save plot.
Render flag enabled: attempting to use MuJoCo visualiser (render=true).
Panda mode: AIF-driven Panda arm (robot_pos -> init -> pick -> goal)
No candidate history available to save plot.
Render flag enabled: attempting to use MuJoCo visualiser (render=true).
Panda mode: AIF-driven Panda arm (robot_pos -> init -> pick -> goal)
Launching Panda AIF visualiser. Stages: reach init -> pick -> drop at goal -> place.
[Step  1 ] stage= reach  pos=( 0.562 ,  0.0 ,  0.362 )
No candidate history available to save plot.
Render flag enabled: attempting to use MuJoCo visualiser (render=true).
Panda mode: AIF-driven Panda arm (robot_pos -> init -> pick -> goal)
Launching Panda AIF visualiser. Stages: reach init -> pick -> drop at goal -> place.
[Step  1 ] stage= reach  pos=( 0.562 ,  0.0 ,  0.362 )
[Step  2 ] stage= reach  pos=( 0.523 ,  0.0 ,  0.329 )
[Step  3 ] stage= reach  pos=( 0.491 ,  0.0 ,  0.306 )
[Step  4 ] stage= reach  pos=( 0.468 ,  0.0 ,  0.29 )
[Step  5 ] stage= reach  pos=( 0.452 ,  0.0 ,  0.279 )
[Step  6 ] stage= reach  pos=( 0.441 ,  -0.006 ,  0.271 )
[Step  7 ] stage= reach  pos=( 0.433 ,  -0.01 ,  0.266 )
[Step  8 ] stage= reach  pos=( 0.427 ,  -0.013 ,  0.262 )
[Step  9 ] stage= reach  pos=( 0.423 ,  -0.009 ,  0.259 )
[Step  10 ] stage= reach  pos=( 0.421 ,  -0.006 ,  0.251 )
[Step  11 ] stage= reach  pos=( 0.419 ,  -0.01 ,  0.246 )
[Step  12 ] stage= reach  pos=( 0.417 ,  -0.013 ,  0.242 )
[Step  13 ] stage= reach  pos=( 0.417 ,  -0.015 ,  0.24 )
[Step  14 ] stage= reach  pos=( 0.416 ,  -0.016 ,  0.238 )
[Step  15 ] stage= reach  pos=( 0.415 ,  -0.017 ,  0.237 )
[Step  16 ] stage= reach  pos=( 0.415 ,  -0.018 ,  0.236 )
[Step  17 ] stage= reach  pos=( 0.409 ,  -0.018 ,  0.229 )
[Step  18 ] stage= pick  pos=( 0.406 ,  -0.018 ,  0.222 )
[Step  19 ] stage= pick  pos=( 0.406 ,  -0.018 ,  0.222 )
[Step  20 ] stage= pick  pos=( 0.406 ,  -0.018 ,  0.222 )
[Step  21 ] stage= drop  pos=( 0.403 ,  -0.019 ,  0.214 )
[Step  22 ] stage= drop  pos=( 0.411 ,  -0.007 ,  0.213 )
[Step  23 ] stage= drop  pos=( 0.429 ,  0.012 ,  0.217 )
[Step  24 ] stage= drop  pos=( 0.447 ,  0.031 ,  0.226 )
[Step  25 ] stage= drop  pos=( 0.465 ,  0.051 ,  0.239 )
[Step  26 ] stage= drop  pos=( 0.478 ,  0.07 ,  0.253 )
[Step  27 ] stage= drop  pos=( 0.487 ,  0.084 ,  0.263 )
[Step  28 ] stage= drop  pos=( 0.494 ,  0.093 ,  0.27 )
[Step  29 ] stage= drop  pos=( 0.498 ,  0.1 ,  0.275 )
[Step  30 ] stage= drop  pos=( 0.501 ,  0.104 ,  0.278 )
[Step  31 ] stage= drop  pos=( 0.509 ,  0.107 ,  0.28 )
[Step  32 ] stage= drop  pos=( 0.515 ,  0.11 ,  0.282 )
[Step  33 ] stage= drop  pos=( 0.518 ,  0.117 ,  0.283 )
[Step  34 ] stage= drop  pos=( 0.521 ,  0.128 ,  0.29 )
[Step  35 ] stage= drop  pos=( 0.523 ,  0.136 ,  0.295 )
[Step  36 ] stage= drop  pos=( 0.524 ,  0.141 ,  0.304 )
[Step  37 ] stage= drop  pos=( 0.525 ,  0.145 ,  0.31 )
[Step  38 ] stage= drop  pos=( 0.526 ,  0.147 ,  0.314 )
[Step  39 ] stage= drop  pos=( 0.532 ,  0.155 ,  0.317 )
[Step  40 ] stage= drop  pos=( 0.537 ,  0.16 ,  0.319 )
[Step  41 ] stage= drop  pos=( 0.54 ,  0.164 ,  0.321 )
[Step  42 ] stage= drop  pos=( 0.542 ,  0.172 ,  0.322 )
[Step  43 ] stage= drop  pos=( 0.537 ,  0.178 ,  0.323 )
[Step  44 ] stage= drop  pos=( 0.534 ,  0.182 ,  0.323 )
[Step  45 ] stage= drop  pos=( 0.532 ,  0.185 ,  0.324 )
[Step  46 ] stage= drop  pos=( 0.531 ,  0.187 ,  0.324 )
[Step  47 ] stage= drop  pos=( 0.536 ,  0.189 ,  0.324 )
[Step  48 ] stage= drop  pos=( 0.539 ,  0.19 ,  0.33 )
[Step  49 ] stage= drop  pos=( 0.541 ,  0.19 ,  0.334 )
[Step  50 ] stage= drop  pos=( 0.543 ,  0.191 ,  0.343 )
[Step  51 ] stage= drop  pos=( 0.544 ,  0.191 ,  0.355 )
[Step  52 ] stage= drop  pos=( 0.545 ,  0.191 ,  0.363 )
[Step  53 ] stage= drop  pos=( 0.545 ,  0.191 ,  0.369 )
[Step  54 ] stage= drop  pos=( 0.546 ,  0.192 ,  0.367 )
[Step  55 ] stage= drop  pos=( 0.546 ,  0.192 ,  0.366 )
[Step  56 ] stage= drop  pos=( 0.546 ,  0.192 ,  0.365 )
[Step  57 ] stage= drop  pos=( 0.546 ,  0.192 ,  0.364 )
[Step  58 ] stage= drop  pos=( 0.546 ,  0.192 ,  0.358 )
[Step  59 ] stage= drop  pos=( 0.547 ,  0.192 ,  0.354 )
[Step  60 ] stage= drop  pos=( 0.547 ,  0.192 ,  0.351 )
[Step  61 ] stage= drop  pos=( 0.547 ,  0.192 ,  0.349 )
[Step  62 ] stage= drop  pos=( 0.547 ,  0.192 ,  0.347 )
[Step  63 ] stage= drop  pos=( 0.552 ,  0.192 ,  0.352 )
[Step  64 ] stage= drop  pos=( 0.556 ,  0.192 ,  0.355 )
[Step  65 ] stage= drop  pos=( 0.565 ,  0.192 ,  0.357 )
[Step  66 ] stage= drop  pos=( 0.571 ,  0.192 ,  0.359 )
[Step  67 ] stage= place  pos=( 0.573 ,  0.192 ,  0.357 )
[Step  68 ] stage= place  pos=( 0.573 ,  0.192 ,  0.357 )
[Step  69 ] stage= place  pos=( 0.573 ,  0.192 ,  0.357 )
[Step  70 ] stage= place  pos=( 0.573 ,  0.192 ,  0.357 )
[Step  71 ] stage= place  pos=( 0.573 ,  0.192 ,  0.357 )
[Step  72 ] stage= place  pos=( 0.573 ,  0.192 ,  0.357 )
[Step  73 ] stage= place  pos=( 0.573 ,  0.192 ,  0.357 )
[Step  74 ] stage= place  pos=( 0.573 ,  0.192 ,  0.357 )
[Step  75 ] stage= place  pos=( 0.573 ,  0.192 ,  0.357 )
[Step  76 ] stage= place  pos=( 0.573 ,  0.192 ,  0.357 )
[Step  77 ] stage= place  pos=( 0.573 ,  0.192 ,  0.357 )
[Step  78 ] stage= done  pos=( 0.573 ,  0.192 ,  0.357 )
Done. Converged: true, steps: 78, final_dist: 0.707683
No candidate history available to save plot.
Render flag enabled: attempting to use MuJoCo visualiser (render=true).
Panda mode: AIF-driven Panda arm (robot_pos -> init -> pick -> goal)
Launching Panda AIF visualiser. Stages: reach init -> pick -> drop at goal -> place.
[Step  1 ] stage= reach  pos=( 0.562 ,  0.0 ,  0.362 )
[Step  2 ] stage= reach  pos=( 0.523 ,  0.0 ,  0.329 )
[Step  3 ] stage= reach  pos=( 0.491 ,  0.0 ,  0.306 )
[Step  4 ] stage= reach  pos=( 0.468 ,  0.0 ,  0.29 )
[Step  5 ] stage= reach  pos=( 0.452 ,  0.0 ,  0.279 )
[Step  6 ] stage= reach  pos=( 0.441 ,  -0.006 ,  0.271 )
[Step  7 ] stage= reach  pos=( 0.433 ,  -0.01 ,  0.266 )
[Step  8 ] stage= reach  pos=( 0.427 ,  -0.013 ,  0.262 )
[Step  9 ] stage= reach  pos=( 0.423 ,  -0.009 ,  0.259 )
[Step  10 ] stage= reach  pos=( 0.421 ,  -0.006 ,  0.251 )
[Step  11 ] stage= reach  pos=( 0.419 ,  -0.01 ,  0.246 )
[Step  12 ] stage= reach  pos=( 0.417 ,  -0.013 ,  0.242 )
[Step  13 ] stage= reach  pos=( 0.417 ,  -0.015 ,  0.24 )
[Step  14 ] stage= reach  pos=( 0.416 ,  -0.016 ,  0.238 )
[Step  15 ] stage= reach  pos=( 0.415 ,  -0.017 ,  0.237 )
[Step  16 ] stage= reach  pos=( 0.415 ,  -0.018 ,  0.236 )
[Step  17 ] stage= reach  pos=( 0.409 ,  -0.018 ,  0.229 )
[Step  18 ] stage= pick  pos=( 0.406 ,  -0.018 ,  0.222 )
[Step  19 ] stage= pick  pos=( 0.406 ,  -0.018 ,  0.222 )
[Step  20 ] stage= pick  pos=( 0.406 ,  -0.018 ,  0.222 )
[Step  21 ] stage= drop  pos=( 0.403 ,  -0.019 ,  0.214 )
[Step  22 ] stage= drop  pos=( 0.411 ,  -0.007 ,  0.213 )
[Step  23 ] stage= drop  pos=( 0.429 ,  0.012 ,  0.217 )
[Step  24 ] stage= drop  pos=( 0.447 ,  0.031 ,  0.226 )
[Step  25 ] stage= drop  pos=( 0.465 ,  0.051 ,  0.239 )
[Step  26 ] stage= drop  pos=( 0.478 ,  0.07 ,  0.253 )
[Step  27 ] stage= drop  pos=( 0.487 ,  0.084 ,  0.263 )
[Step  28 ] stage= drop  pos=( 0.494 ,  0.093 ,  0.27 )
[Step  29 ] stage= drop  pos=( 0.498 ,  0.1 ,  0.275 )
[Step  30 ] stage= drop  pos=( 0.501 ,  0.104 ,  0.278 )
[Step  31 ] stage= drop  pos=( 0.509 ,  0.107 ,  0.28 )
[Step  32 ] stage= drop  pos=( 0.515 ,  0.11 ,  0.282 )
[Step  33 ] stage= drop  pos=( 0.518 ,  0.117 ,  0.283 )
[Step  34 ] stage= drop  pos=( 0.521 ,  0.128 ,  0.29 )
[Step  35 ] stage= drop  pos=( 0.523 ,  0.136 ,  0.295 )
[Step  36 ] stage= drop  pos=( 0.524 ,  0.141 ,  0.304 )
[Step  37 ] stage= drop  pos=( 0.525 ,  0.145 ,  0.31 )
[Step  38 ] stage= drop  pos=( 0.526 ,  0.147 ,  0.314 )
[Step  39 ] stage= drop  pos=( 0.532 ,  0.155 ,  0.317 )
[Step  40 ] stage= drop  pos=( 0.537 ,  0.16 ,  0.319 )
[Step  41 ] stage= drop  pos=( 0.54 ,  0.164 ,  0.321 )
[Step  42 ] stage= drop  pos=( 0.542 ,  0.172 ,  0.322 )
[Step  43 ] stage= drop  pos=( 0.537 ,  0.178 ,  0.323 )
[Step  44 ] stage= drop  pos=( 0.534 ,  0.182 ,  0.323 )
[Step  45 ] stage= drop  pos=( 0.532 ,  0.185 ,  0.324 )
[Step  46 ] stage= drop  pos=( 0.531 ,  0.187 ,  0.324 )
[Step  47 ] stage= drop  pos=( 0.536 ,  0.189 ,  0.324 )
[Step  48 ] stage= drop  pos=( 0.539 ,  0.19 ,  0.33 )
[Step  49 ] stage= drop  pos=( 0.541 ,  0.19 ,  0.334 )
[Step  50 ] stage= drop  pos=( 0.543 ,  0.191 ,  0.343 )
[Step  51 ] stage= drop  pos=( 0.544 ,  0.191 ,  0.355 )
[Step  52 ] stage= drop  pos=( 0.545 ,  0.191 ,  0.363 )
[Step  53 ] stage= drop  pos=( 0.545 ,  0.191 ,  0.369 )
[Step  54 ] stage= drop  pos=( 0.546 ,  0.192 ,  0.367 )
[Step  55 ] stage= drop  pos=( 0.546 ,  0.192 ,  0.366 )
[Step  56 ] stage= drop  pos=( 0.546 ,  0.192 ,  0.365 )
[Step  57 ] stage= drop  pos=( 0.546 ,  0.192 ,  0.364 )
[Step  58 ] stage= drop  pos=( 0.546 ,  0.192 ,  0.358 )
[Step  59 ] stage= drop  pos=( 0.547 ,  0.192 ,  0.354 )
[Step  60 ] stage= drop  pos=( 0.547 ,  0.192 ,  0.351 )
[Step  61 ] stage= drop  pos=( 0.547 ,  0.192 ,  0.349 )
[Step  62 ] stage= drop  pos=( 0.547 ,  0.192 ,  0.347 )
[Step  63 ] stage= drop  pos=( 0.552 ,  0.192 ,  0.352 )
[Step  64 ] stage= drop  pos=( 0.556 ,  0.192 ,  0.355 )
[Step  65 ] stage= drop  pos=( 0.565 ,  0.192 ,  0.357 )
[Step  66 ] stage= drop  pos=( 0.571 ,  0.192 ,  0.359 )
[Step  67 ] stage= place  pos=( 0.573 ,  0.192 ,  0.357 )
[Step  68 ] stage= place  pos=( 0.573 ,  0.192 ,  0.357 )
[Step  69 ] stage= place  pos=( 0.573 ,  0.192 ,  0.357 )
[Step  70 ] stage= place  pos=( 0.573 ,  0.192 ,  0.357 )
[Step  71 ] stage= place  pos=( 0.573 ,  0.192 ,  0.357 )
[Step  72 ] stage= place  pos=( 0.573 ,  0.192 ,  0.357 )
[Step  73 ] stage= place  pos=( 0.573 ,  0.192 ,  0.357 )
[Step  74 ] stage= place  pos=( 0.573 ,  0.192 ,  0.357 )
[Step  75 ] stage= place  pos=( 0.573 ,  0.192 ,  0.357 )
[Step  76 ] stage= place  pos=( 0.573 ,  0.192 ,  0.357 )
[Step  77 ] stage= place  pos=( 0.573 ,  0.192 ,  0.357 )
[Step  78 ] stage= done  pos=( 0.573 ,  0.192 ,  0.357 )
Done. Converged: true, steps: 78, final_dist: 0.707683
No candidate history available to save plot.
Render flag enabled: attempting to use MuJoCo visualiser (render=true).
Panda try mode: AIF-driven arm, box=object, red dot=place target
Launching Panda try AIF visualiser. Stages: reach box -> grasp -> lift -> drop at red dot -> place.
[Step  1 ] stage= reach  pos=( 0.562 ,  0.0 ,  0.381 )
[Step  2 ] stage= reach  pos=( 0.523 ,  0.0 ,  0.362 )
[Step  3 ] stage= reach  pos=( 0.491 ,  0.0 ,  0.348 )
[Step  4 ] stage= reach  pos=( 0.468 ,  0.0 ,  0.339 )
[Step  5 ] stage= reach  pos=( 0.452 ,  0.0 ,  0.332 )
[Step  6 ] stage= reach  pos=( 0.441 ,  -0.006 ,  0.328 )
[Step  7 ] stage= reach  pos=( 0.433 ,  -0.01 ,  0.324 )
[Step  8 ] stage= reach  pos=( 0.427 ,  -0.013 ,  0.322 )
[Step  9 ] stage= reach  pos=( 0.423 ,  -0.009 ,  0.32 )
[Step  10 ] stage= reach  pos=( 0.421 ,  -0.006 ,  0.314 )
[Step  11 ] stage= reach  pos=( 0.419 ,  -0.01 ,  0.303 )
[Step  12 ] stage= reach  pos=( 0.417 ,  -0.013 ,  0.29 )
[Step  13 ] stage= reach  pos=( 0.417 ,  -0.015 ,  0.275 )
[Step  14 ] stage= reach  pos=( 0.416 ,  -0.016 ,  0.259 )
[Step  15 ] stage= reach  pos=( 0.415 ,  -0.017 ,  0.247 )
[Step  16 ] stage= reach  pos=( 0.415 ,  -0.018 ,  0.239 )
[Step  17 ] stage= reach  pos=( 0.409 ,  -0.018 ,  0.228 )
[Step  18 ] stage= reach  pos=( 0.405 ,  -0.018 ,  0.214 )
[Step  19 ] stage= reach  pos=( 0.402 ,  -0.019 ,  0.205 )
[Step  20 ] stage= reach  pos=( 0.4 ,  -0.019 ,  0.198 )
[Step  21 ] stage= reach  pos=( 0.399 ,  -0.019 ,  0.193 )
[Step  22 ] stage= reach  pos=( 0.398 ,  -0.019 ,  0.19 )
[Step  23 ] stage= reach  pos=( 0.397 ,  -0.013 ,  0.188 )
[Step  24 ] stage= reach  pos=( 0.396 ,  -0.009 ,  0.18 )
[Step  25 ] stage= reach  pos=( 0.396 ,  -0.007 ,  0.175 )
[Step  26 ] stage= reach  pos=( 0.396 ,  0.001 ,  0.172 )
[Step  27 ] stage= reach  pos=( 0.396 ,  0.007 ,  0.169 )
[Step  28 ] stage= reach  pos=( 0.39 ,  0.01 ,  0.167 )
[Step  29 ] stage= reach  pos=( 0.386 ,  0.013 ,  0.16 )
[Step  30 ] stage= reach  pos=( 0.383 ,  0.009 ,  0.155 )
[Step  31 ] stage= reach  pos=( 0.381 ,  0.006 ,  0.146 )
[Step  32 ] stage= reach  pos=( 0.379 ,  0.004 ,  0.134 )
[Step  33 ] stage= reach  pos=( 0.378 ,  0.003 ,  0.126 )
[Step  34 ] stage= grasp  pos=( 0.378 ,  0.002 ,  0.12 )
[Step  35 ] stage= grasp  pos=( 0.378 ,  0.002 ,  0.12 )
[Step  36 ] stage= grasp  pos=( 0.378 ,  0.002 ,  0.12 )
[Step  37 ] stage= lift  pos=( 0.378 ,  0.002 ,  0.139 )
[Step  38 ] stage= lift  pos=( 0.378 ,  0.002 ,  0.173 )
[Step  39 ] stage= lift  pos=( 0.378 ,  0.002 ,  0.203 )
[Step  40 ] stage= lift  pos=( 0.378 ,  0.002 ,  0.228 )
[Step  41 ] stage= lift  pos=( 0.378 ,  0.002 ,  0.249 )
[Step  42 ] stage= lift  pos=( 0.378 ,  0.002 ,  0.267 )
[Step  43 ] stage= lift  pos=( 0.378 ,  0.002 ,  0.282 )
[Step  44 ] stage= lift  pos=( 0.378 ,  0.002 ,  0.295 )
[Step  45 ] stage= lift  pos=( 0.378 ,  0.002 ,  0.306 )
[Step  46 ] stage= lift  pos=( 0.378 ,  0.002 ,  0.316 )
[Step  47 ] stage= lift  pos=( 0.378 ,  0.002 ,  0.324 )
[Step  48 ] stage= lift  pos=( 0.378 ,  0.002 ,  0.331 )
[Step  49 ] stage= lift  pos=( 0.378 ,  0.002 ,  0.336 )
[Step  50 ] stage= drop  pos=( 0.377 ,  0.002 ,  0.337 )
[Step  51 ] stage= drop  pos=( 0.388 ,  0.013 ,  0.345 )
[Step  52 ] stage= drop  pos=( 0.402 ,  0.026 ,  0.356 )
[Step  53 ] stage= drop  pos=( 0.417 ,  0.041 ,  0.369 )
[Step  54 ] stage= drop  pos=( 0.433 ,  0.058 ,  0.378 )
[Step  55 ] stage= drop  pos=( 0.445 ,  0.069 ,  0.385 )
[Step  56 ] stage= drop  pos=( 0.453 ,  0.077 ,  0.389 )
[Step  57 ] stage= drop  pos=( 0.459 ,  0.083 ,  0.393 )
[Step  58 ] stage= drop  pos=( 0.463 ,  0.092 ,  0.395 )
[Step  59 ] stage= drop  pos=( 0.465 ,  0.105 ,  0.397 )
[Step  60 ] stage= drop  pos=( 0.473 ,  0.114 ,  0.398 )
[Step  61 ] stage= drop  pos=( 0.484 ,  0.12 ,  0.398 )
[Step  62 ] stage= drop  pos=( 0.498 ,  0.124 ,  0.405 )
[Step  63 ] stage= drop  pos=( 0.513 ,  0.127 ,  0.415 )
[Step  64 ] stage= drop  pos=( 0.524 ,  0.129 ,  0.422 )
[Step  65 ] stage= drop  pos=( 0.537 ,  0.131 ,  0.427 )
[Step  66 ] stage= drop  pos=( 0.546 ,  0.137 ,  0.43 )
[Step  67 ] stage= drop  pos=( 0.553 ,  0.148 ,  0.427 )
[Step  68 ] stage= drop  pos=( 0.557 ,  0.155 ,  0.425 )
[Step  69 ] stage= drop  pos=( 0.56 ,  0.16 ,  0.423 )
[Step  70 ] stage= drop  pos=( 0.563 ,  0.164 ,  0.422 )
[Step  71 ] stage= drop  pos=( 0.564 ,  0.167 ,  0.421 )
[Step  72 ] stage= drop  pos=( 0.571 ,  0.168 ,  0.421 )
[Step  73 ] stage= drop  pos=( 0.576 ,  0.17 ,  0.42 )
[Step  74 ] stage= drop  pos=( 0.585 ,  0.17 ,  0.414 )
[Step  75 ] stage= drop  pos=( 0.591 ,  0.177 ,  0.41 )
[Step  76 ] stage= place  pos=( 0.593 ,  0.181 ,  0.409 )
[Step  77 ] stage= place  pos=( 0.593 ,  0.181 ,  0.409 )
[Step  78 ] stage= done  pos=( 0.593 ,  0.181 ,  0.409 )
No candidate history available to save plot.
Render flag enabled: attempting to use MuJoCo visualiser (render=true).
Panda try mode: AIF-driven arm, box=object, red dot=place target
Launching Panda try AIF visualiser. Stages: reach box -> grasp -> lift -> drop at red dot -> place.
[Step  1 ] stage= reach  pos=( 0.562 ,  0.0 ,  0.381 )
[Step  2 ] stage= reach  pos=( 0.523 ,  0.0 ,  0.362 )
[Step  3 ] stage= reach  pos=( 0.491 ,  0.0 ,  0.348 )
[Step  4 ] stage= reach  pos=( 0.468 ,  0.0 ,  0.339 )
[Step  5 ] stage= reach  pos=( 0.452 ,  0.0 ,  0.332 )
[Step  6 ] stage= reach  pos=( 0.441 ,  -0.006 ,  0.328 )
[Step  7 ] stage= reach  pos=( 0.433 ,  -0.01 ,  0.324 )
[Step  8 ] stage= reach  pos=( 0.427 ,  -0.013 ,  0.322 )
[Step  9 ] stage= reach  pos=( 0.423 ,  -0.009 ,  0.32 )
[Step  10 ] stage= reach  pos=( 0.421 ,  -0.006 ,  0.314 )
[Step  11 ] stage= reach  pos=( 0.419 ,  -0.01 ,  0.303 )
[Step  12 ] stage= reach  pos=( 0.417 ,  -0.013 ,  0.29 )
[Step  13 ] stage= reach  pos=( 0.417 ,  -0.015 ,  0.275 )
[Step  14 ] stage= reach  pos=( 0.416 ,  -0.016 ,  0.259 )
[Step  15 ] stage= reach  pos=( 0.415 ,  -0.017 ,  0.247 )
[Step  16 ] stage= reach  pos=( 0.415 ,  -0.018 ,  0.239 )
[Step  17 ] stage= reach  pos=( 0.409 ,  -0.018 ,  0.228 )
[Step  18 ] stage= reach  pos=( 0.405 ,  -0.018 ,  0.214 )
[Step  19 ] stage= reach  pos=( 0.402 ,  -0.019 ,  0.205 )
[Step  20 ] stage= reach  pos=( 0.4 ,  -0.019 ,  0.198 )
[Step  21 ] stage= reach  pos=( 0.399 ,  -0.019 ,  0.193 )
[Step  22 ] stage= reach  pos=( 0.398 ,  -0.019 ,  0.19 )
[Step  23 ] stage= reach  pos=( 0.397 ,  -0.013 ,  0.188 )
[Step  24 ] stage= reach  pos=( 0.396 ,  -0.009 ,  0.18 )
[Step  25 ] stage= reach  pos=( 0.396 ,  -0.007 ,  0.175 )
[Step  26 ] stage= reach  pos=( 0.396 ,  0.001 ,  0.172 )
[Step  27 ] stage= reach  pos=( 0.396 ,  0.007 ,  0.169 )
[Step  28 ] stage= reach  pos=( 0.39 ,  0.01 ,  0.167 )
[Step  29 ] stage= reach  pos=( 0.386 ,  0.013 ,  0.16 )
[Step  30 ] stage= reach  pos=( 0.383 ,  0.009 ,  0.155 )
[Step  31 ] stage= reach  pos=( 0.381 ,  0.006 ,  0.146 )
[Step  32 ] stage= reach  pos=( 0.379 ,  0.004 ,  0.134 )
[Step  33 ] stage= reach  pos=( 0.378 ,  0.003 ,  0.126 )
[Step  34 ] stage= grasp  pos=( 0.378 ,  0.002 ,  0.12 )
[Step  35 ] stage= grasp  pos=( 0.378 ,  0.002 ,  0.12 )
[Step  36 ] stage= grasp  pos=( 0.378 ,  0.002 ,  0.12 )
[Step  37 ] stage= lift  pos=( 0.378 ,  0.002 ,  0.139 )
[Step  38 ] stage= lift  pos=( 0.378 ,  0.002 ,  0.173 )
[Step  39 ] stage= lift  pos=( 0.378 ,  0.002 ,  0.203 )
[Step  40 ] stage= lift  pos=( 0.378 ,  0.002 ,  0.228 )
[Step  41 ] stage= lift  pos=( 0.378 ,  0.002 ,  0.249 )
[Step  42 ] stage= lift  pos=( 0.378 ,  0.002 ,  0.267 )
[Step  43 ] stage= lift  pos=( 0.378 ,  0.002 ,  0.282 )
[Step  44 ] stage= lift  pos=( 0.378 ,  0.002 ,  0.295 )
[Step  45 ] stage= lift  pos=( 0.378 ,  0.002 ,  0.306 )
[Step  46 ] stage= lift  pos=( 0.378 ,  0.002 ,  0.316 )
[Step  47 ] stage= lift  pos=( 0.378 ,  0.002 ,  0.324 )
[Step  48 ] stage= lift  pos=( 0.378 ,  0.002 ,  0.331 )
[Step  49 ] stage= lift  pos=( 0.378 ,  0.002 ,  0.336 )
[Step  50 ] stage= drop  pos=( 0.377 ,  0.002 ,  0.337 )
[Step  51 ] stage= drop  pos=( 0.388 ,  0.013 ,  0.345 )
No candidate history available to save plot.
Render flag enabled: attempting to use MuJoCo visualiser (render=true).
Panda try mode: AIF-driven arm, box=object, red dot=place target
Launching Panda try AIF visualiser. Stages: reach box -> grasp -> lift -> drop at red dot -> place.
[Step  1 ] stage= reach  pos=( 0.562 ,  0.0 ,  0.381 )
[Step  30 ] stage= reach  pos=( 0.383 ,  0.009 ,  0.155 )
[Step  66 ] stage= drop  pos=( 0.546 ,  0.137 ,  0.43 )
No candidate history available to save plot.
Render flag enabled: attempting to use MuJoCo visualiser (render=true).
Panda try mode: AIF-driven arm, box=object, red dot=place target
Launching Panda try AIF visualiser. Stages: reach box -> grasp -> lift -> drop at red dot -> place.
[Step  1 ] stage= reach  pos=( 0.562 ,  0.0 ,  0.381 )
[Step  36 ] stage= lift  pos=( 0.378 ,  0.002 ,  0.12 )
No candidate history available to save plot.
Render flag enabled: attempting to use MuJoCo visualiser (render=true).
Panda try mode: AIF-driven arm, box=object, red dot=place target
Launching Panda try AIF visualiser. Stages: reach box -> grasp -> lift -> drop at red dot -> place.
[Step  1 ] stage= reach  pos=( 0.089 ,  -0.0 ,  0.821 )
[Step  31 ] stage= reach  pos=( 0.383 ,  0.003 ,  0.636 )
[Step  79 ] stage= reach  pos=( 0.389 ,  0.005 ,  0.628 )
[Step  120 ] stage= reach  pos=( 0.391 ,  0.017 ,  0.625 )
[Step  159 ] stage= reach  pos=( 0.384 ,  -0.014 ,  0.633 )
[Step  199 ] stage= reach  pos=( 0.388 ,  -0.011 ,  0.627 )
[Step  243 ] stage= reach  pos=( 0.389 ,  0.012 ,  0.624 )
[Step  287 ] stage= reach  pos=( 0.388 ,  0.027 ,  0.624 )
[Step  331 ] stage= reach  pos=( 0.386 ,  0.015 ,  0.624 )
[Step  373 ] stage= reach  pos=( 0.383 ,  -0.02 ,  0.623 )
[Step  419 ] stage= reach  pos=( 0.379 ,  -0.019 ,  0.618 )
[Step  457 ] stage= reach  pos=( 0.383 ,  0.018 ,  0.616 )
No candidate history available to save plot.
Render flag enabled: attempting to use MuJoCo visualiser (render=true).
Panda try mode: AIF-driven arm, box=object, red dot=place target
Launching Panda try AIF visualiser. Stages: reach box -> grasp -> lift -> drop at red dot -> place.
[Step  1 ] stage= reach  pos=( 0.089 ,  -0.0 ,  0.821 )
[Step  46 ] stage= reach  pos=( 0.405 ,  0.001 ,  0.619 )
[Step  106 ] stage= reach  pos=( 0.405 ,  -0.022 ,  0.619 )
[Step  159 ] stage= reach  pos=( 0.405 ,  -0.01 ,  0.619 )
[Step  205 ] stage= reach  pos=( 0.405 ,  -0.005 ,  0.62 )
[Step  257 ] stage= reach  pos=( 0.405 ,  0.001 ,  0.619 )
[Step  307 ] stage= reach  pos=( 0.405 ,  -0.0 ,  0.619 )
[Step  357 ] stage= reach  pos=( 0.404 ,  -0.024 ,  0.618 )
[Step  389 ] stage= reach  pos=( 0.403 ,  -0.029 ,  0.618 )
[Step  455 ] stage= reach  pos=( 0.4 ,  0.016 ,  0.618 )
No candidate history available to save plot.
Render flag enabled: attempting to use MuJoCo visualiser (render=true).
Panda try mode: AIF-driven arm, box=object, red dot=place target
Launching Panda try AIF visualiser. Stages: reach box -> grasp -> lift -> drop at red dot -> place.
[Step  1 ] stage= reach  pos=( 0.088 ,  -0.0 ,  0.822 )
[Step  40 ] stage= reach  pos=( 0.405 ,  0.008 ,  0.619 )
[Step  80 ] stage= reach  pos=( 0.405 ,  0.014 ,  0.619 )
[Step  131 ] stage= reach  pos=( 0.404 ,  0.033 ,  0.619 )
[Step  183 ] stage= reach  pos=( 0.405 ,  0.024 ,  0.619 )
[Step  248 ] stage= reach  pos=( 0.406 ,  -0.004 ,  0.619 )
[Step  291 ] stage= reach  pos=( 0.406 ,  -0.004 ,  0.619 )
[Step  356 ] stage= reach  pos=( 0.405 ,  -0.032 ,  0.618 )
[Step  415 ] stage= reach  pos=( 0.405 ,  -0.007 ,  0.618 )
[Step  488 ] stage= reach  pos=( 0.404 ,  -0.026 ,  0.618 )
No candidate history available to save plot.
Render flag enabled: attempting to use MuJoCo visualiser (render=true).
Panda try mode: AIF-driven arm, box=object, red dot=place target
Launching Panda try AIF visualiser. Stages: reach box -> grasp -> lift -> drop at red dot -> place.
[Step  1 ] stage= reach  pos=( 0.088 ,  -0.0 ,  0.821 )
[Step  58 ] stage= reach  pos=( 0.405 ,  -0.001 ,  0.619 )
[Step  143 ] stage= reach  pos=( 0.405 ,  -0.001 ,  0.619 )
[Step  218 ] stage= reach  pos=( 0.405 ,  -0.001 ,  0.619 )
[Step  293 ] stage= reach  pos=( 0.405 ,  -0.001 ,  0.619 )
[Step  366 ] stage= reach  pos=( 0.404 ,  -0.002 ,  0.619 )
[Step  436 ] stage= reach  pos=( 0.403 ,  -0.002 ,  0.619 )
No candidate history available to save plot.
Render flag enabled: attempting to use MuJoCo visualiser (render=true).
Panda try mode: AIF-driven arm, box=object, red dot=place target
Launching Panda try AIF visualiser. Stages: reach box -> grasp -> lift -> drop at red dot -> place.
[Step  1 ] stage= reach  pos=( 0.088 ,  -0.0 ,  0.821 )
[Step  27 ] stage= reach  pos=( 0.403 ,  -0.001 ,  0.623 )
[Step  70 ] stage= reach  pos=( 0.405 ,  -0.001 ,  0.619 )
[Step  127 ] stage= reach  pos=( 0.405 ,  -0.001 ,  0.619 )
[Step  166 ] stage= reach  pos=( 0.405 ,  -0.001 ,  0.619 )
[Step  215 ] stage= reach  pos=( 0.405 ,  -0.001 ,  0.619 )
[Step  268 ] stage= reach  pos=( 0.405 ,  -0.001 ,  0.619 )
[Step  324 ] stage= reach  pos=( 0.405 ,  -0.001 ,  0.619 )
[Step  406 ] stage= reach  pos=( 0.404 ,  -0.002 ,  0.619 )
[Step  481 ] stage= reach  pos=( 0.402 ,  -0.003 ,  0.618 )
[Step  550 ] stage= reach  pos=( 0.398 ,  -0.004 ,  0.617 )
[Step  622 ] stage= reach  pos=( 0.387 ,  -0.006 ,  0.614 )
[Step  693 ] stage= reach  pos=( 0.385 ,  -0.006 ,  0.613 )
[Step  757 ] stage= reach  pos=( 0.384 ,  -0.005 ,  0.612 )
[Step  830 ] stage= reach  pos=( 0.384 ,  -0.004 ,  0.612 )
[Step  893 ] stage= reach  pos=( 0.385 ,  -0.002 ,  0.611 )
[Step  965 ] stage= reach  pos=( 0.383 ,  -0.002 ,  0.614 )
[Step  1040 ] stage= reach  pos=( 0.386 ,  -0.001 ,  0.611 )
[Step  1096 ] stage= reach  pos=( 0.386 ,  -0.001 ,  0.61 )
[Step  1147 ] stage= reach  pos=( 0.385 ,  -0.001 ,  0.611 )
[Step  1214 ] stage= reach  pos=( 0.386 ,  -0.001 ,  0.61 )
[Step  1272 ] stage= reach  pos=( 0.386 ,  -0.001 ,  0.611 )
[Step  1340 ] stage= reach  pos=( 0.386 ,  -0.001 ,  0.61 )
[Step  1397 ] stage= reach  pos=( 0.386 ,  -0.001 ,  0.61 )
[Step  1462 ] stage= reach  pos=( 0.385 ,  -0.001 ,  0.611 )
[Step  1548 ] stage= reach  pos=( 0.385 ,  -0.001 ,  0.611 )
[Step  1614 ] stage= reach  pos=( 0.385 ,  -0.001 ,  0.611 )
[Step  1694 ] stage= reach  pos=( 0.385 ,  -0.001 ,  0.611 )
[Step  1767 ] stage= reach  pos=( 0.386 ,  -0.001 ,  0.611 )
[Step  1824 ] stage= reach  pos=( 0.386 ,  -0.001 ,  0.61 )
[Step  1887 ] stage= reach  pos=( 0.386 ,  -0.001 ,  0.611 )
[Step  1964 ] stage= reach  pos=( 0.386 ,  -0.001 ,  0.611 )
[Step  2025 ] stage= reach  pos=( 0.385 ,  -0.001 ,  0.611 )
[Step  2097 ] stage= reach  pos=( 0.386 ,  -0.001 ,  0.611 )
[Step  2157 ] stage= reach  pos=( 0.386 ,  -0.001 ,  0.611 )
[Step  2225 ] stage= reach  pos=( 0.386 ,  -0.001 ,  0.61 )
[Step  2285 ] stage= reach  pos=( 0.386 ,  -0.001 ,  0.61 )
[Step  2355 ] stage= reach  pos=( 0.385 ,  -0.001 ,  0.611 )
[Step  2434 ] stage= reach  pos=( 0.385 ,  -0.001 ,  0.611 )
[Step  2514 ] stage= reach  pos=( 0.386 ,  -0.001 ,  0.61 )
[Step  2580 ] stage= reach  pos=( 0.386 ,  -0.001 ,  0.61 )
[Step  2651 ] stage= reach  pos=( 0.385 ,  -0.001 ,  0.611 )
[Step  2714 ] stage= reach  pos=( 0.385 ,  -0.001 ,  0.611 )
[Step  2767 ] stage= reach  pos=( 0.386 ,  -0.001 ,  0.611 )
[Step  2832 ] stage= reach  pos=( 0.386 ,  -0.001 ,  0.61 )
[Step  2895 ] stage= reach  pos=( 0.385 ,  -0.001 ,  0.611 )
[Step  2957 ] stage= reach  pos=( 0.386 ,  -0.001 ,  0.61 )
No candidate history available to save plot.
Render flag enabled: attempting to use MuJoCo visualiser (render=true).
Panda try mode: AIF-driven arm, box=object, red dot=place target
Launching Panda try AIF visualiser. Stages: reach box -> grasp -> lift -> drop at red dot -> place.
[Step  1 ] stage= reach  pos=( 0.089 ,  -0.0 ,  0.822 )
[Step  88 ] stage= reach  pos=( 0.287 ,  -0.0 ,  0.814 )
[Step  197 ] stage= reach  pos=( 0.287 ,  0.0 ,  0.813 )
[Step  260 ] stage= reach  pos=( 0.287 ,  0.0 ,  0.813 )
[Step  334 ] stage= reach  pos=( 0.287 ,  0.0 ,  0.813 )
[Step  427 ] stage= reach  pos=( 0.287 ,  -0.0 ,  0.813 )
No candidate history available to save plot.
Render flag enabled: attempting to use MuJoCo visualiser (render=true).
Panda try mode: AIF-driven arm, box=object, red dot=place target
Launching Panda try AIF visualiser. Stages: reach box -> grasp -> lift -> drop at red dot -> place.
[Step  1 ] stage= reach  pos=( 0.089 ,  -0.0 ,  0.822 )
[Step  72 ] stage= reach  pos=( 0.287 ,  -0.0 ,  0.814 )
[Step  166 ] stage= reach  pos=( 0.287 ,  0.0 ,  0.813 )
[Step  250 ] stage= reach  pos=( 0.287 ,  0.0 ,  0.813 )
[Step  360 ] stage= reach  pos=( 0.287 ,  0.0 ,  0.813 )
[Step  462 ] stage= reach  pos=( 0.287 ,  0.0 ,  0.813 )
[Step  575 ] stage= reach  pos=( 0.287 ,  -0.0 ,  0.813 )
[Step  670 ] stage= reach  pos=( 0.287 ,  -0.0 ,  0.813 )
[Step  774 ] stage= reach  pos=( 0.287 ,  -0.0 ,  0.813 )
[Step  872 ] stage= reach  pos=( 0.287 ,  -0.0 ,  0.813 )
[Step  985 ] stage= reach  pos=( 0.287 ,  0.0 ,  0.813 )
[Step  1100 ] stage= reach  pos=( 0.287 ,  -0.0 ,  0.813 )
[Step  1200 ] stage= reach  pos=( 0.287 ,  -0.0 ,  0.813 )
[Step  1304 ] stage= reach  pos=( 0.287 ,  -0.0 ,  0.813 )
[Step  1390 ] stage= reach  pos=( 0.287 ,  0.0 ,  0.813 )
[Step  1494 ] stage= reach  pos=( 0.287 ,  -0.0 ,  0.813 )
[Step  1558 ] stage= reach  pos=( 0.287 ,  -0.0 ,  0.813 )
[Step  1641 ] stage= reach  pos=( 0.287 ,  -0.0 ,  0.813 )
[Step  1725 ] stage= reach  pos=( 0.287 ,  -0.0 ,  0.813 )
[Step  1809 ] stage= reach  pos=( 0.287 ,  -0.0 ,  0.833 )
[Step  1897 ] stage= reach  pos=( 0.287 ,  -0.0 ,  0.833 )
[Step  1976 ] stage= reach  pos=( 0.287 ,  -0.0 ,  0.834 )
[Step  2058 ] stage= reach  pos=( 0.287 ,  -0.0 ,  0.834 )
[Step  2130 ] stage= reach  pos=( 0.287 ,  -0.0 ,  0.834 )
[Step  2236 ] stage= reach  pos=( 0.287 ,  -0.0 ,  0.834 )
[Step  2343 ] stage= reach  pos=( 0.287 ,  -0.0 ,  0.834 )
[Step  2464 ] stage= reach  pos=( 0.287 ,  -0.0 ,  0.835 )
[Step  2564 ] stage= reach  pos=( 0.287 ,  -0.0 ,  0.835 )
[Step  2676 ] stage= reach  pos=( 0.287 ,  -0.0 ,  0.835 )
[Step  2761 ] stage= reach  pos=( 0.287 ,  -0.0 ,  0.835 )
[Step  2837 ] stage= reach  pos=( 0.287 ,  -0.0 ,  0.835 )
[Step  2915 ] stage= reach  pos=( 0.287 ,  -0.0 ,  0.835 )
[Step  2994 ] stage= reach  pos=( 0.287 ,  -0.0 ,  0.835 )
[Step  3081 ] stage= reach  pos=( 0.287 ,  -0.0 ,  0.835 )
[Step  3188 ] stage= reach  pos=( 0.287 ,  -0.0 ,  0.835 )
[Step  3301 ] stage= reach  pos=( 0.287 ,  -0.0 ,  0.835 )
[Step  3419 ] stage= reach  pos=( 0.287 ,  -0.0 ,  0.835 )
[Step  3527 ] stage= reach  pos=( 0.287 ,  -0.0 ,  0.835 )
[Step  3633 ] stage= reach  pos=( 0.287 ,  -0.0 ,  0.835 )
[Step  3694 ] stage= reach  pos=( 0.287 ,  -0.0 ,  0.835 )
[Step  3790 ] stage= reach  pos=( 0.289 ,  -0.0 ,  0.819 )
[Step  3852 ] stage= reach  pos=( 0.288 ,  -0.0 ,  0.816 )
No candidate history available to save plot.
Render flag enabled: attempting to use MuJoCo visualiser (render=true).
Panda try mode: AIF-driven arm, box=object, red dot=place target
Launching Panda try AIF visualiser. Stages: reach box -> grasp -> lift -> drop at red dot -> place.
[Step  1 ] stage= reach  pos=( 0.088 ,  -0.0 ,  0.822 )
[Step  88 ] stage= reach  pos=( 0.287 ,  -0.0 ,  0.814 )
[Step  221 ] stage= reach  pos=( 0.287 ,  0.0 ,  0.813 )
[Step  317 ] stage= reach  pos=( 0.287 ,  -0.0 ,  0.813 )
[Step  433 ] stage= reach  pos=( 0.287 ,  0.0 ,  0.813 )
[Step  567 ] stage= reach  pos=( 0.287 ,  -0.0 ,  0.813 )
[Step  670 ] stage= reach  pos=( 0.287 ,  0.0 ,  0.813 )
[Step  795 ] stage= reach  pos=( 0.287 ,  0.0 ,  0.813 )
[Step  885 ] stage= reach  pos=( 0.287 ,  -0.0 ,  0.813 )
[Step  1001 ] stage= reach  pos=( 0.287 ,  0.0 ,  0.813 )
[Step  1145 ] stage= reach  pos=( 0.287 ,  -0.0 ,  0.813 )
[Step  1220 ] stage= reach  pos=( 0.287 ,  -0.0 ,  0.813 )
No candidate history available to save plot.
Render flag enabled: attempting to use MuJoCo visualiser (render=true).
Panda try mode: AIF-driven arm, box=object, red dot=place target
Launching Panda try AIF visualiser. Stages: reach box -> grasp -> lift -> drop at red dot -> place.
[Step  1 ] stage= reach  pos=( 0.088 ,  -0.0 ,  0.821 )
[Step  104 ] stage= reach  pos=( 0.287 ,  -0.0 ,  0.814 )
[Step  218 ] stage= reach  pos=( 0.287 ,  0.0 ,  0.813 )
[Step  356 ] stage= reach  pos=( 0.287 ,  0.0 ,  0.813 )
[Step  487 ] stage= reach  pos=( 0.287 ,  0.0 ,  0.813 )
[Step  641 ] stage= reach  pos=( 0.287 ,  -0.0 ,  0.813 )
[Step  795 ] stage= reach  pos=( 0.287 ,  -0.0 ,  0.813 )
[Step  966 ] stage= reach  pos=( 0.287 ,  -0.0 ,  0.813 )
[Step  1141 ] stage= reach  pos=( 0.287 ,  -0.0 ,  0.813 )
[Step  1302 ] stage= reach  pos=( 0.287 ,  0.0 ,  0.813 )
[Step  1467 ] stage= reach  pos=( 0.287 ,  0.0 ,  0.813 )
[Step  1494 ] stage= reach  pos=( 0.287 ,  -0.0 ,  0.813 )
No candidate history available to save plot.
Render flag enabled: attempting to use MuJoCo visualiser (render=true).
Panda try mode: AIF-driven arm, box=object, red dot=place target
Launching Panda try AIF visualiser. Stages: reach box -> grasp -> lift -> drop at red dot -> place.
[Step  1 ] stage= reach  pos=( 0.088 ,  -0.0 ,  0.821 )
[Step  97 ] stage= reach  pos=( 0.287 ,  -0.0 ,  0.814 )
[Step  231 ] stage= reach  pos=( 0.287 ,  0.0 ,  0.813 )
[Step  393 ] stage= reach  pos=( 0.287 ,  0.0 ,  0.813 )
No candidate history available to save plot.
Render flag enabled: attempting to use MuJoCo visualiser (render=true).
Panda try mode: AIF-driven arm, box=object, red dot=place target
Launching Panda try AIF visualiser. Stages: reach box -> grasp -> lift -> drop at red dot -> place.
[Step  1 ] stage= reach  pos=( 0.088 ,  -0.0 ,  0.821 )
[Step  110 ] stage= reach  pos=( 0.287 ,  -0.0 ,  0.814 )
[Step  246 ] stage= reach  pos=( 0.287 ,  0.0 ,  0.813 )
[Step  402 ] stage= reach  pos=( 0.287 ,  0.0 ,  0.813 )
No candidate history available to save plot.
Render flag enabled: attempting to use MuJoCo visualiser (render=true).
Panda try mode: AIF-driven arm, box=object, red dot=place target
Launching Panda try AIF visualiser. Stages: reach box -> grasp -> lift -> drop at red dot -> place.
[Step  1 ] stage= reach  pos=( 0.088 ,  -0.0 ,  0.821 )
[Step  90 ] stage= reach  pos=( 0.287 ,  -0.0 ,  0.814 )
[Step  231 ] stage= reach  pos=( 0.287 ,  0.0 ,  0.813 )
[Step  404 ] stage= reach  pos=( 0.287 ,  0.0 ,  0.813 )
[Step  549 ] stage= reach  pos=( 0.288 ,  0.0 ,  0.803 )
[Step  685 ] stage= reach  pos=( 0.288 ,  -0.0 ,  0.802 )
[Step  827 ] stage= reach  pos=( 0.29 ,  0.0 ,  0.796 )
[Step  968 ] stage= reach  pos=( 0.289 ,  -0.0 ,  0.791 )
[Step  1103 ] stage= reach  pos=( 0.289 ,  -0.0 ,  0.791 )
[Step  1270 ] stage= reach  pos=( 0.289 ,  -0.0 ,  0.791 )
[Step  1424 ] stage= reach  pos=( 0.289 ,  -0.0 ,  0.791 )
[Step  1597 ] stage= reach  pos=( 0.289 ,  -0.0 ,  0.791 )
[Step  1748 ] stage= reach  pos=( 0.288 ,  -0.011 ,  0.795 )
[Step  1885 ] stage= reach  pos=( 0.288 ,  -0.01 ,  0.802 )
[Step  2014 ] stage= reach  pos=( 0.288 ,  0.002 ,  0.802 )
[Step  2151 ] stage= reach  pos=( 0.288 ,  0.002 ,  0.802 )
[Step  2296 ] stage= reach  pos=( 0.288 ,  0.002 ,  0.802 )
[Step  2427 ] stage= reach  pos=( 0.288 ,  0.002 ,  0.802 )
[Step  2580 ] stage= reach  pos=( 0.288 ,  0.002 ,  0.802 )
[Step  2732 ] stage= reach  pos=( 0.288 ,  0.002 ,  0.801 )
[Step  2847 ] stage= reach  pos=( 0.289 ,  0.002 ,  0.791 )
[Step  2983 ] stage= reach  pos=( 0.289 ,  0.002 ,  0.791 )
[Step  3146 ] stage= reach  pos=( 0.289 ,  0.002 ,  0.791 )
[Step  3299 ] stage= reach  pos=( 0.289 ,  0.002 ,  0.791 )
[Step  3422 ] stage= reach  pos=( 0.289 ,  0.002 ,  0.791 )
[Step  3588 ] stage= reach  pos=( 0.289 ,  0.002 ,  0.791 )
[Step  3685 ] stage= reach  pos=( 0.289 ,  -0.006 ,  0.791 )
No candidate history available to save plot.
Render flag enabled: attempting to use MuJoCo visualiser (render=true).
Panda try mode: AIF-driven arm, box=object, red dot=place target
Launching Panda try AIF visualiser. Stages: reach box -> grasp -> lift -> drop at red dot -> place.
[Step  1 ] stage= reach  pos=( 0.088 ,  -0.0 ,  0.821 )
[Step  60 ] stage= reach  pos=( 0.42 ,  -0.001 ,  0.808 )
[Step  192 ] stage= reach  pos=( 0.415 ,  -0.0 ,  0.766 )
[Step  302 ] stage= reach  pos=( 0.403 ,  -0.0 ,  0.714 )
[Step  395 ] stage= reach  pos=( 0.401 ,  -0.0 ,  0.672 )
[Step  491 ] stage= reach  pos=( 0.438 ,  0.002 ,  0.616 )
[Step  592 ] stage= reach  pos=( 0.45 ,  0.006 ,  0.591 )
[Step  699 ] stage= reach  pos=( 0.434 ,  0.011 ,  0.604 )
[Step  787 ] stage= reach  pos=( 0.403 ,  0.008 ,  0.649 )
[Step  892 ] stage= reach  pos=( 0.384 ,  0.001 ,  0.672 )
[Step  1021 ] stage= reach  pos=( 0.385 ,  -0.005 ,  0.671 )
[Step  1124 ] stage= reach  pos=( 0.397 ,  -0.008 ,  0.656 )
[Step  1241 ] stage= reach  pos=( 0.409 ,  0.014 ,  0.64 )
[Step  1344 ] stage= reach  pos=( 0.401 ,  0.023 ,  0.65 )
[Step  1464 ] stage= reach  pos=( 0.402 ,  0.003 ,  0.649 )
[Step  1566 ] stage= reach  pos=( 0.4 ,  0.017 ,  0.652 )
[Step  1669 ] stage= reach  pos=( 0.39 ,  0.028 ,  0.663 )
[Step  1785 ] stage= reach  pos=( 0.396 ,  0.002 ,  0.657 )
[Step  1877 ] stage= reach  pos=( 0.399 ,  -0.001 ,  0.653 )
[Step  1967 ] stage= reach  pos=( 0.408 ,  0.002 ,  0.641 )
[Step  2077 ] stage= reach  pos=( 0.407 ,  -0.003 ,  0.643 )
[Step  2188 ] stage= reach  pos=( 0.404 ,  0.01 ,  0.646 )
[Step  2288 ] stage= reach  pos=( 0.402 ,  0.02 ,  0.649 )
[Step  2404 ] stage= reach  pos=( 0.401 ,  -0.001 ,  0.651 )
[Step  2511 ] stage= reach  pos=( 0.4 ,  -0.004 ,  0.652 )
[Step  2622 ] stage= reach  pos=( 0.4 ,  -0.006 ,  0.652 )
[Step  2716 ] stage= reach  pos=( 0.393 ,  -0.005 ,  0.661 )
[Step  2822 ] stage= reach  pos=( 0.387 ,  -0.007 ,  0.667 )
[Step  2938 ] stage= reach  pos=( 0.39 ,  -0.01 ,  0.664 )
[Step  3038 ] stage= reach  pos=( 0.396 ,  0.012 ,  0.656 )
[Step  3131 ] stage= reach  pos=( 0.4 ,  -0.004 ,  0.652 )
[Step  3241 ] stage= reach  pos=( 0.407 ,  -0.008 ,  0.643 )
[Step  3336 ] stage= reach  pos=( 0.403 ,  -0.006 ,  0.648 )
[Step  3448 ] stage= reach  pos=( 0.39 ,  -0.007 ,  0.664 )
[Step  3526 ] stage= reach  pos=( 0.386 ,  -0.008 ,  0.668 )
[Step  3589 ] stage= reach  pos=( 0.39 ,  -0.01 ,  0.664 )
[Step  3668 ] stage= reach  pos=( 0.396 ,  0.0 ,  0.657 )
[Step  3742 ] stage= reach  pos=( 0.398 ,  -0.007 ,  0.654 )
[Step  3840 ] stage= reach  pos=( 0.399 ,  -0.008 ,  0.653 )
[Step  3948 ] stage= reach  pos=( 0.4 ,  -0.0 ,  0.652 )
[Step  4030 ] stage= reach  pos=( 0.399 ,  0.014 ,  0.653 )
[Step  4085 ] stage= reach  pos=( 0.399 ,  0.02 ,  0.652 )
No candidate history available to save plot.
